#
# A fatal error has been detected by the Java Runtime Environment:
#
#  EXCEPTION_ACCESS_VIOLATION (0xc0000005) at pc=0x00000000770232d0, pid=7352, tid=5588
#
# JRE version: Java(TM) SE Runtime Environment (8.0_05-b13) (build 1.8.0_05-b13)
# Java VM: Java HotSpot(TM) 64-Bit Server VM (25.5-b02 mixed mode windows-amd64 compressed oops)
# Problematic frame:
# C  [ntdll.dll+0x532d0]
#
# Failed to write core dump. Minidumps are not enabled by default on client versions of Windows
#
# If you would like to submit a bug report, please visit:
#   http://bugreport.sun.com/bugreport/crash.jsp
#

---------------  T H R E A D  ---------------

Current thread (0x000000001fad1000):  Thread [stack: 0x0000000027320000,0x0000000027420000] [id=0]

siginfo: ExceptionCode=0xc0000005, reading address 0x000003014d4737e8

Registers:
RAX=0x000000001f565120, RBX=0x000003014d4737e0, RCX=0x000000ffffffffff, RDX=0x000000002178d000
RSP=0x000000002741f930, RBP=0x0000000000000000, RSI=0x0000000000320000, RDI=0x000000002178d010
R8 =0x000000002178d010, R9 =0x0000000000000700, R10=0x0000000000000000, R11=0x0000000000000207
R12=0x0000000000000000, R13=0x0000000000000000, R14=0x0000000000000000, R15=0x0000000000000000
RIP=0x00000000770232d0, EFLAGS=0x0000000000010212

Top of Stack: (sp=0x000000002741f930)
0x000000002741f930:   0000000000000005 000007fefd17133c
0x000000002741f940:   0000000000000000 000000002741f8f8
0x000000002741f950:   000000002741f939 0000000800000001
0x000000002741f960:   000000001e9c19c0 0000000051cbd0ea
0x000000002741f970:   0000000000000000 0000000000000000
0x000000002741f980:   0000000000000000 0000000000000000
0x000000002741f990:   000000001fad1000 0000000027320000
0x000000002741f9a0:   0000000000000000 0000000076ed300a
0x000000002741f9b0:   0000000000000000 000000002178d010
0x000000002741f9c0:   0000000055743fda 000000001fad1000
0x000000002741f9d0:   0000000000000000 0000000053348d94
0x000000002741f9e0:   0000000000000000 0000000000000000
0x000000002741f9f0:   0000000000000000 0000000027320000
0x000000002741fa00:   000000002178d010 0000000051e20141
0x000000002741fa10:   000000002178d010 0000000000100000
0x000000002741fa20:   0000000000000000 00000000000003d8 

Instructions: (pc=0x00000000770232d0)
0x00000000770232b0:   ff ff 00 00 00 48 33 de 48 23 c1 48 c1 eb 04 48
0x00000000770232c0:   33 d8 48 33 1d ff f0 0d 00 48 c1 e3 04 0f 0d 0b
0x00000000770232d0:   4c 8b 63 08 49 bd 01 00 00 00 01 00 00 00 49 be
0x00000000770232e0:   ff 7f 00 00 ff ff ff ff c6 42 0f 80 c6 42 0e 00 


Register to memory mapping:

RAX=0x000000001f565120 is an unknown value
RBX=0x000003014d4737e0 is an unknown value
RCX=0x000000ffffffffff is an unknown value
RDX=0x000000002178d000 is an unknown value
RSP=0x000000002741f930 is an unknown value
RBP=0x0000000000000000 is an unknown value
RSI=0x0000000000320000 is an unknown value
RDI=0x000000002178d010 is an unknown value
R8 =0x000000002178d010 is an unknown value
R9 =0x0000000000000700 is an unknown value
R10=0x0000000000000000 is an unknown value
R11=0x0000000000000207 is an unknown value
R12=0x0000000000000000 is an unknown value
R13=0x0000000000000000 is an unknown value
R14=0x0000000000000000 is an unknown value
R15=0x0000000000000000 is an unknown value


Stack: [0x0000000027320000,0x0000000027420000],  sp=0x000000002741f930,  free space=1022k
Native frames: (J=compiled Java code, j=interpreted, Vv=VM code, C=native code)


---------------  P R O C E S S  ---------------

Java Threads: ( => current thread )
  0x000000001e584800 JavaThread "RED48142369" [_thread_in_native, id=6460, stack(0x0000000022f90000,0x0000000023090000)]
  0x000000001d4d8000 JavaThread "RED48142331" [_thread_blocked, id=7532, stack(0x0000000026040000,0x0000000026140000)]
  0x000000001e6b9000 JavaThread "RED48142315" [_thread_blocked, id=6616, stack(0x000000002a880000,0x000000002a980000)]
  0x00000000219e1800 JavaThread "Keep-Alive-Timer" daemon [_thread_blocked, id=2524, stack(0x00000000270c0000,0x00000000271c0000)]
  0x000000001e937800 JavaThread "RED48142203" [_thread_in_native, id=6052, stack(0x00000000239f0000,0x0000000023af0000)]
  0x0000000022485000 JavaThread "RED48142279" [_thread_in_native, id=4964, stack(0x000000002b6c0000,0x000000002b7c0000)]
  0x000000001f574800 JavaThread "RED48142175" [_thread_in_native, id=8624, stack(0x0000000022d70000,0x0000000022e70000)]
  0x00000000293d4800 JavaThread "RED48142173" [_thread_blocked, id=5596, stack(0x00000000284e0000,0x00000000285e0000)]
  0x000000001d48e800 JavaThread "RED48142185" [_thread_blocked, id=5556, stack(0x0000000027f80000,0x0000000028080000)]
  0x000000001e936000 JavaThread "RED48142111" [_thread_in_native, id=6380, stack(0x0000000024e30000,0x0000000024f30000)]
  0x000000001f568800 JavaThread "RED48142041" [_thread_blocked, id=5540, stack(0x0000000023300000,0x0000000023400000)]
  0x000000001f3fb000 JavaThread "RED48142143" [_thread_blocked, id=5624, stack(0x0000000022920000,0x0000000022a20000)]
  0x000000001e937000 JavaThread "RED48141421" [_thread_in_native, id=6888, stack(0x0000000024d10000,0x0000000024e10000)]
  0x00000000219e0800 JavaThread "RED48142121" [_thread_in_native, id=2396, stack(0x0000000020670000,0x0000000020770000)]
  0x000000001d48b800 JavaThread "RED48142031" [_thread_blocked, id=2356, stack(0x00000000257f0000,0x00000000258f0000)]
  0x000000001d366000 JavaThread "RED48142045" [_thread_in_native, id=10180, stack(0x0000000025cd0000,0x0000000025dd0000)]
  0x000000001e677800 JavaThread "RED48142043" [_thread_blocked, id=5568, stack(0x0000000024300000,0x0000000024400000)]
  0x000000001f3a4800 JavaThread "RED48142011" [_thread_blocked, id=9140, stack(0x0000000025b10000,0x0000000025c10000)]
  0x000000001d4db000 JavaThread "RED48142027" [_thread_blocked, id=7348, stack(0x0000000025a10000,0x0000000025b10000)]
  0x000000001f3a7000 JavaThread "RED48141969" [_thread_in_native, id=9568, stack(0x00000000224e0000,0x00000000225e0000)]
  0x000000001d369000 JavaThread "RED48141967" [_thread_blocked, id=3648, stack(0x00000000213d0000,0x00000000214d0000)]
  0x000000001fcb6800 JavaThread "RED48141861" [_thread_in_native, id=3312, stack(0x0000000020810000,0x0000000020910000)]
  0x000000001f3a7800 JavaThread "RED48141465" [_thread_in_native, id=1756, stack(0x00000000238a0000,0x00000000239a0000)]
  0x000000001ff95800 JavaThread "RED48141903" [_thread_in_native, id=8648, stack(0x0000000022620000,0x0000000022720000)]
  0x000000001d4d9000 JavaThread "RED48141901" [_thread_blocked, id=7268, stack(0x0000000027b60000,0x0000000027c60000)]
  0x000000001e934800 JavaThread "RED48141501" [_thread_blocked, id=7544, stack(0x0000000020f20000,0x0000000021020000)]
  0x000000001e800000 JavaThread "RED48141495" [_thread_in_native, id=8540, stack(0x0000000028f20000,0x0000000029020000)]
  0x000000001ff03000 JavaThread "RED48141781" [_thread_in_native, id=8084, stack(0x0000000025f30000,0x0000000026030000)]
  0x0000000022485800 JavaThread "RED48141719" [_thread_in_native, id=8660, stack(0x0000000025090000,0x0000000025190000)]
  0x000000001f3bd800 JavaThread "RED48141743" [_thread_blocked, id=6724, stack(0x00000000271f0000,0x00000000272f0000)]
  0x000000001e5e6000 JavaThread "RED48141631" [_thread_in_native, id=6104, stack(0x0000000026e70000,0x0000000026f70000)]
  0x0000000022483800 JavaThread "RED48141527" [_thread_in_native, id=3108, stack(0x000000002da60000,0x000000002db60000)]
  0x000000001ff9e800 JavaThread "RED48141525" [_thread_in_native, id=8720, stack(0x000000002d6e0000,0x000000002d7e0000)]
  0x000000001f854000 JavaThread "RED48141523" [_thread_blocked, id=1816, stack(0x00000000244b0000,0x00000000245b0000)]
  0x000000001f856000 JavaThread "RED48141521" [_thread_in_native, id=6376, stack(0x0000000021230000,0x0000000021330000)]
  0x000000001ff06000 JavaThread "RED48141487" [_thread_blocked, id=8676, stack(0x000000002d0b0000,0x000000002d1b0000)]
  0x00000000219df000 JavaThread "RED48141475" [_thread_in_native, id=4204, stack(0x000000002cb40000,0x000000002cc40000)]
  0x00000000293d5800 JavaThread "RED48141459" [_thread_in_native, id=7384, stack(0x000000002d460000,0x000000002d560000)]
  0x000000001f569800 JavaThread "RED48141457" [_thread_blocked, id=8544, stack(0x000000002d1d0000,0x000000002d2d0000)]
  0x00000000219e2000 JavaThread "RED48141417" [_thread_in_native, id=1720, stack(0x0000000022c70000,0x0000000022d70000)]
  0x000000001e800800 JavaThread "RED48141447" [_thread_blocked, id=8380, stack(0x000000002c870000,0x000000002c970000)]
  0x000000001f57c800 JavaThread "RED48141453" [_thread_blocked, id=8468, stack(0x000000002b450000,0x000000002b550000)]
  0x000000001f57c000 JavaThread "RED48141451" [_thread_in_native, id=8820, stack(0x000000002bf10000,0x000000002c010000)]
  0x0000000022484000 JavaThread "RED48141289" [_thread_in_native, id=8528, stack(0x000000002bba0000,0x000000002bca0000)]
  0x0000000022482800 JavaThread "RED48141427" [_thread_in_native, id=7568, stack(0x000000002ac60000,0x000000002ad60000)]
  0x000000001f854800 JavaThread "RED48141425" [_thread_in_native, id=1540, stack(0x0000000024050000,0x0000000024150000)]
  0x000000001e639000 JavaThread "RED48140861" [_thread_blocked, id=6932, stack(0x0000000026960000,0x0000000026a60000)]
  0x00000000293e4800 JavaThread "RED48141073" [_thread_blocked, id=6336, stack(0x000000002c5c0000,0x000000002c6c0000)]
  0x000000001f853000 JavaThread "RED48141071" [_thread_in_native, id=7060, stack(0x000000002c3f0000,0x000000002c4f0000)]
  0x000000002952b800 JavaThread "RED48141295" [_thread_blocked, id=9332, stack(0x000000002bca0000,0x000000002bda0000)]
  0x000000001e63a800 JavaThread "RED48141293" [_thread_blocked, id=9136, stack(0x0000000027d10000,0x0000000027e10000)]
  0x000000001fcb7000 JavaThread "RED48141115" [_thread_in_native, id=4212, stack(0x000000002ab60000,0x000000002ac60000)]
  0x000000001fad3800 JavaThread "RED48141111" [_thread_in_native, id=7128, stack(0x0000000028810000,0x0000000028910000)]
  0x000000001d367800 JavaThread "RED48141089" [_thread_blocked, id=8100, stack(0x0000000022e80000,0x0000000022f80000)]
  0x000000001f3fa000 JavaThread "RED48141105" [_thread_blocked, id=5868, stack(0x000000002a780000,0x000000002a880000)]
  0x000000001f3bf800 JavaThread "RED48141083" [_thread_in_native, id=9352, stack(0x0000000028dc0000,0x0000000028ec0000)]
  0x000000001fad2800 JavaThread "RED48141067" [_thread_in_native, id=8756, stack(0x000000001eea0000,0x000000001efa0000)]
  0x000000001f3be000 JavaThread "RED48141127" [_thread_blocked, id=5484, stack(0x0000000027420000,0x0000000027520000)]
  0x000000001d367000 JavaThread "RED48141261" [_thread_blocked, id=5084, stack(0x000000002a2a0000,0x000000002a3a0000)]
  0x000000001e585800 JavaThread "RED48141061" [_thread_blocked, id=9316, stack(0x0000000027a60000,0x0000000027b60000)]
  0x000000001d48c000 JavaThread "RED48141063" [_thread_blocked, id=7720, stack(0x0000000028c80000,0x0000000028d80000)]
  0x000000001fad0000 JavaThread "RED48141141" [_thread_blocked, id=8188, stack(0x0000000028980000,0x0000000028a80000)]
  0x000000001f3bc800 JavaThread "RED48141065" [_thread_in_native, id=784, stack(0x0000000026750000,0x0000000026850000)]
  0x000000001f3fb800 JavaThread "RED48141033" [_thread_blocked, id=7520, stack(0x0000000028260000,0x0000000028360000)]
  0x000000001e57f000 JavaThread "RED48141031" [_thread_in_native, id=7072, stack(0x0000000027940000,0x0000000027a40000)]
  0x000000001f3a6000 JavaThread "RED48141035" [_thread_in_native, id=7104, stack(0x0000000026b10000,0x0000000026c10000)]
  0x000000001f3f9800 JavaThread "RED48141037" [_thread_in_native, id=8312, stack(0x0000000023460000,0x0000000023560000)]
  0x000000001e581800 JavaThread "RED48141053" [_thread_in_native, id=5412, stack(0x0000000027680000,0x0000000027780000)]
  0x000000001f57f000 JavaThread "RED48141029" [_thread_blocked, id=2460, stack(0x0000000027550000,0x0000000027650000)]
  0x000000001f57e000 JavaThread "RED48141025" [_thread_in_native, id=9644, stack(0x0000000024ad0000,0x0000000024bd0000)]
  0x000000001e580000 JavaThread "RED48141027" [_thread_blocked, id=9652, stack(0x00000000264e0000,0x00000000265e0000)]
  0x000000001e7fe800 JavaThread "RED48141075" [_thread_blocked, id=5388, stack(0x0000000026fb0000,0x00000000270b0000)]
  0x000000001e676800 JavaThread "RED48141069" [_thread_blocked, id=8196, stack(0x0000000020250000,0x0000000020350000)]
  0x000000001e470000 JavaThread "RED48140981" [_thread_in_native, id=920, stack(0x0000000025400000,0x0000000025500000)]
  0x000000001e63c000 JavaThread "RED48140863" [_thread_in_native, id=4936, stack(0x0000000026250000,0x0000000026350000)]
  0x000000001e580800 JavaThread "RED48140837" [_thread_in_native, id=5832, stack(0x0000000025e00000,0x0000000025f00000)]
  0x000000001e63a000 JavaThread "RED48140713" [_thread_in_native, id=1812, stack(0x0000000025910000,0x0000000025a10000)]
  0x000000001e6ba800 JavaThread "RED48140815" [_thread_in_native, id=8432, stack(0x00000000237a0000,0x00000000238a0000)]
  0x000000001e678000 JavaThread "RED48140759" [_thread_in_native, id=6196, stack(0x0000000024630000,0x0000000024730000)]
  0x00000000293e3000 JavaThread "RED48140773" [_thread_in_native, id=5788, stack(0x0000000026140000,0x0000000026240000)]
  0x000000001fcb8800 JavaThread "RED48140769" [_thread_in_native, id=796, stack(0x0000000026c50000,0x0000000026d50000)]
  0x000000002952e800 JavaThread "RED48140623" [_thread_blocked, id=9944, stack(0x00000000249c0000,0x0000000024ac0000)]
  0x000000001f3bf000 JavaThread "RED48140471" [_thread_blocked, id=8992, stack(0x0000000023580000,0x0000000023680000)]
  0x000000001ff04800 JavaThread "RED48140455" [_thread_blocked, id=6660, stack(0x0000000020540000,0x0000000020640000)]
  0x000000001e57e800 JavaThread "RED48140387" [_thread_blocked, id=6148, stack(0x0000000023c30000,0x0000000023d30000)]
  0x000000001d48d800 JavaThread "RED48140311" [_thread_in_native, id=9284, stack(0x0000000022b50000,0x0000000022c50000)]
  0x000000001e6bb000 JavaThread "RED48140123" [_thread_blocked, id=8888, stack(0x000000002c6f0000,0x000000002c7f0000)]
  0x000000001e801800 JavaThread "RED48139719" [_thread_blocked, id=6612, stack(0x000000001f040000,0x000000001f140000)]
  0x000000001e584000 JavaThread "RED48140097" [_thread_in_native, id=6312, stack(0x000000002d590000,0x000000002d690000)]
  0x000000002952e000 JavaThread "RED48140099" [_thread_in_native, id=4884, stack(0x00000000256b0000,0x00000000257b0000)]
  0x000000001ff05000 JavaThread "RED48140055" [_thread_blocked, id=7756, stack(0x0000000024870000,0x0000000024970000)]
  0x000000002952d000 JavaThread "RED48139677" [_thread_in_native, id=8980, stack(0x0000000028700000,0x0000000028800000)]
  0x000000001f568000 JavaThread "RED48139689" [_thread_blocked, id=3708, stack(0x0000000026650000,0x0000000026750000)]
  0x000000001e7ff000 JavaThread "RED48139773" [_thread_in_native, id=7284, stack(0x0000000022a30000,0x0000000022b30000)]
  0x000000001e583000 JavaThread "RED48139821" [_thread_blocked, id=6296, stack(0x0000000028b70000,0x0000000028c70000)]
  0x00000000293d6000 JavaThread "RED48139741" [_thread_in_native, id=4044, stack(0x000000002b870000,0x000000002b970000)]
  0x000000001e582800 JavaThread "RED48139747" [_thread_in_native, id=8552, stack(0x0000000027e50000,0x0000000027f50000)]
  0x000000001ff93800 JavaThread "RED48139715" [_thread_blocked, id=9868, stack(0x000000002a110000,0x000000002a210000)]
  0x000000001f573800 JavaThread "RED48139755" [_thread_blocked, id=8000, stack(0x000000002b060000,0x000000002b160000)]
  0x000000001f567000 JavaThread "RED48139583" [_thread_in_native, id=8404, stack(0x000000002a3f0000,0x000000002a4f0000)]
  0x000000001e5e4800 JavaThread "RED48139739" [_thread_in_native, id=10068, stack(0x0000000028110000,0x0000000028210000)]
  0x000000001e675800 JavaThread "RED48139411" [_thread_in_native, id=8340, stack(0x0000000025580000,0x0000000025680000)]
  0x000000001e5e6800 JavaThread "RED48138149" [_thread_in_native, id=8856, stack(0x0000000024190000,0x0000000024290000)]
  0x00000000293e2800 JavaThread "RED48139639" [_thread_blocked, id=8872, stack(0x0000000025190000,0x0000000025290000)]
  0x000000001e6b8000 JavaThread "RED48139633" [_thread_in_native, id=8356, stack(0x0000000024f80000,0x0000000025080000)]
  0x000000001d48d000 JavaThread "RED48139443" [_thread_blocked, id=6852, stack(0x0000000023eb0000,0x0000000023fb0000)]
  0x000000001e5e5000 JavaThread "RED48139449" [_thread_blocked, id=6292, stack(0x00000000277b0000,0x00000000278b0000)]
  0x000000001e5e3800 JavaThread "RED48139463" [_thread_blocked, id=7996, stack(0x0000000026860000,0x0000000026960000)]
  0x000000001e691800 JavaThread "RED48139409" [_thread_in_native, id=9900, stack(0x0000000024bd0000,0x0000000024cd0000)]
  0x000000001fad2000 JavaThread "RED48139127" [_thread_in_native, id=3176, stack(0x0000000020b20000,0x0000000020c20000)]
  0x000000001f3f8800 JavaThread "RED48139149" [_thread_blocked, id=8852, stack(0x00000000263b0000,0x00000000264b0000)]
  0x00000000293e5800 JavaThread "RED48138977" [_thread_blocked, id=9460, stack(0x0000000024770000,0x0000000024870000)]
  0x000000001ea8e800 JavaThread "RED48138867" [_thread_blocked, id=8780, stack(0x0000000025290000,0x0000000025390000)]
  0x000000001fbdb800 JavaThread "RED48138923" [_thread_blocked, id=8440, stack(0x0000000023db0000,0x0000000023eb0000)]
  0x0000000021525800 JavaThread "RED48138713" [_thread_in_native, id=5372, stack(0x000000002d300000,0x000000002d400000)]
  0x000000001d507000 JavaThread "RED48138235" [_thread_blocked, id=7956, stack(0x0000000023b30000,0x0000000023c30000)]
  0x0000000021526000 JavaThread "RED48138761" [_thread_blocked, id=5488, stack(0x000000002ca00000,0x000000002cb00000)]
  0x0000000021529000 JavaThread "RED48138609" [_thread_in_native, id=2756, stack(0x000000002ad70000,0x000000002ae70000)]
  0x000000001d502800 JavaThread "RED48138575" [_thread_in_native, id=7472, stack(0x000000002c1a0000,0x000000002c2a0000)]
  0x000000001d501000 JavaThread "RED48138567" [_thread_blocked, id=8004, stack(0x000000002ae80000,0x000000002af80000)]
  0x000000002152f000 JavaThread "RED48138585" [_thread_blocked, id=3932, stack(0x000000002be10000,0x000000002bf10000)]
  0x000000002152d800 JavaThread "RED48138561" [_thread_in_native, id=9396, stack(0x000000002ba40000,0x000000002bb40000)]
  0x000000001f303000 JavaThread "RED48138449" [_thread_in_native, id=8212, stack(0x000000002b590000,0x000000002b690000)]
  0x000000001f301800 JavaThread "RED48138467" [_thread_blocked, id=4272, stack(0x000000002b300000,0x000000002b400000)]
  0x000000001f300000 JavaThread "RED48138463" [_thread_blocked, id=7716, stack(0x000000002b1e0000,0x000000002b2e0000)]
  0x000000001f573000 JavaThread "RED48138211" [_thread_in_native, id=5464, stack(0x00000000230a0000,0x00000000231a0000)]
  0x00000000201cb000 JavaThread "RED48137649" [_thread_in_native, id=9752, stack(0x0000000026d50000,0x0000000026e50000)]
  0x000000001e783000 JavaThread "RED48136675" [_thread_in_native, id=8748, stack(0x00000000231b0000,0x00000000232b0000)]
  0x000000001ff9d000 JavaThread "RED48137109" [_thread_in_Java, id=6516, stack(0x0000000022730000,0x0000000022830000)]
  0x000000001ff99000 JavaThread "RED48136573" [_thread_blocked, id=7028, stack(0x0000000020c20000,0x0000000020d20000)]
  0x000000001fac6800 JavaThread "RED48137467" [_thread_blocked, id=9296, stack(0x00000000209a0000,0x0000000020aa0000)]
  0x0000000001d78800 JavaThread "DestroyJavaVM" [_thread_blocked, id=7408, stack(0x0000000002280000,0x0000000002380000)]
  0x000000001e44c800 JavaThread "DataCollector" [_thread_blocked, id=8452, stack(0x000000001f170000,0x000000001f270000)]
  0x000000001e436000 JavaThread "DataSenderDB" [_thread_in_Java, id=8692, stack(0x000000001eda0000,0x000000001eea0000)]
  0x000000001d36e000 JavaThread "Service Thread" daemon [_thread_blocked, id=5948, stack(0x000000001e060000,0x000000001e160000)]
  0x000000001d30a800 JavaThread "C1 CompilerThread2" daemon [_thread_blocked, id=4664, stack(0x000000001dda0000,0x000000001dea0000)]
  0x000000001d300800 JavaThread "C2 CompilerThread1" daemon [_thread_blocked, id=5368, stack(0x000000001dc30000,0x000000001dd30000)]
  0x000000001d2fb800 JavaThread "C2 CompilerThread0" daemon [_thread_blocked, id=7764, stack(0x000000001dad0000,0x000000001dbd0000)]
  0x000000001d2ee800 JavaThread "JDWP Command Reader" daemon [_thread_in_native, id=8840, stack(0x000000001d8d0000,0x000000001d9d0000)]
  0x000000001d2ed000 JavaThread "JDWP Event Helper Thread" daemon [_thread_blocked, id=1920, stack(0x000000001d750000,0x000000001d850000)]
  0x000000001d2e7000 JavaThread "JDWP Transport Listener: dt_shmem" daemon [_thread_blocked, id=9476, stack(0x000000001d0b0000,0x000000001d1b0000)]
  0x000000001bb04800 JavaThread "Attach Listener" daemon [_thread_blocked, id=5708, stack(0x000000001d1e0000,0x000000001d2e0000)]
  0x000000001bb01800 JavaThread "Signal Dispatcher" daemon [_thread_blocked, id=9064, stack(0x000000001cd30000,0x000000001ce30000)]
  0x000000001ba9f000 JavaThread "Finalizer" daemon [_thread_blocked, id=7496, stack(0x000000001cf10000,0x000000001d010000)]
  0x000000001ba9a000 JavaThread "Reference Handler" daemon [_thread_blocked, id=9240, stack(0x000000001cc30000,0x000000001cd30000)]

Other Threads:
  0x000000001ba96000 VMThread [stack: 0x000000001cae0000,0x000000001cbe0000] [id=5312]
  0x000000001d370000 WatcherThread [stack: 0x000000001dee0000,0x000000001dfe0000] [id=5840]

=>0x000000001fad1000 (exited) Thread [stack: 0x0000000027320000,0x0000000027420000] [id=0]

VM state:not at safepoint (normal execution)

VM Mutex/Monitor currently owned by a thread:  ([mutex/lock_event])
[0x000000000032e2e0] Threads_lock - owner thread: 0x000000001ff9d000

Heap:
 PSYoungGen      total 76800K, used 39216K [0x000000076d700000, 0x0000000773000000, 0x00000007c0000000)
  eden space 65536K, 49% used [0x000000076d700000,0x000000076f6fbec8,0x0000000771700000)
  from space 11264K, 57% used [0x0000000772500000,0x0000000772b502e8,0x0000000773000000)
  to   space 12800K, 0% used [0x0000000771700000,0x0000000771700000,0x0000000772380000)
 ParOldGen       total 162816K, used 107199K [0x00000006c8400000, 0x00000006d2300000, 0x000000076d700000)
  object space 162816K, 65% used [0x00000006c8400000,0x00000006cecafd20,0x00000006d2300000)
 Metaspace       used 10396K, capacity 10628K, committed 10880K, reserved 1058816K
  class space    used 993K, capacity 1066K, committed 1152K, reserved 1048576K

Card table byte_map: [0x0000000011ac0000,0x0000000012280000] byte_map_base: 0x000000000e47e000

Marking Bits: (ParMarkBitMap*) 0x00000000523b13b0
 Begin Bits: [0x0000000012d70000, 0x0000000016b60000)
 End Bits:   [0x0000000016b60000, 0x000000001a950000)

Polling page: 0x0000000000130000

CodeCache: size=245760Kb used=15707Kb max_used=15723Kb free=230052Kb
 bounds [0x0000000002700000, 0x0000000003670000, 0x0000000011700000]
 total_blobs=3550 nmethods=3203 adapters=269
 compilation: enabled

Compilation events (10 events):
Event: 5831.023 Thread 0x000000001d30a800 3964       3       sun.net.www.http.KeepAliveCache::access$002 (7 bytes)
Event: 5831.023 Thread 0x000000001d30a800 nmethod 3964 0x000000000362ce50 code [0x000000000362cfa0, 0x000000000362d0f0]
Event: 5866.063 Thread 0x000000001d30a800 3965       3       sun.net.www.http.KeepAliveCache$1::<init> (15 bytes)
Event: 5866.063 Thread 0x000000001d30a800 nmethod 3965 0x0000000003618a50 code [0x0000000003618ba0, 0x0000000003618d70]
Event: 5908.762 Thread 0x000000001d2fb800 3966   !   4       sun.security.provider.certpath.AlgorithmChecker::check (555 bytes)
Event: 5908.824 Thread 0x000000001d2fb800 nmethod 3966 0x000000000366b110 code [0x000000000366b4a0, 0x000000000366d048]
Event: 5924.372 Thread 0x000000001d30a800 3967       3       java.util.Collections$EmptyEnumeration::hasMoreElements (2 bytes)
Event: 5924.372 Thread 0x000000001d30a800 nmethod 3967 0x0000000003606b90 code [0x0000000003606ce0, 0x0000000003606e30]
Event: 6441.885 Thread 0x000000001d30a800 3968       1       java.lang.Long::longValue (5 bytes)
Event: 6441.886 Thread 0x000000001d30a800 nmethod 3968 0x00000000036144d0 code [0x0000000003614620, 0x0000000003614730]

GC Heap History (10 events):
Event: 6750.539 GC heap before
{Heap before GC invocations=4555 (full 179):
 PSYoungGen      total 83456K, used 83438K [0x000000076d700000, 0x0000000773480000, 0x00000007c0000000)
  eden space 73216K, 99% used [0x000000076d700000,0x0000000771e7c400,0x0000000771e80000)
  from space 10240K, 99% used [0x0000000772580000,0x0000000772f7f648,0x0000000772f80000)
  to   space 5120K, 0% used [0x0000000772f80000,0x0000000772f80000,0x0000000773480000)
 ParOldGen       total 162816K, used 82055K [0x00000006c8400000, 0x00000006d2300000, 0x000000076d700000)
  object space 162816K, 50% used [0x00000006c8400000,0x00000006cd421d98,0x00000006d2300000)
 Metaspace       used 10396K, capacity 10628K, committed 10880K, reserved 1058816K
  class space    used 993K, capacity 1066K, committed 1152K, reserved 1048576K
Event: 6750.554 GC heap after
Heap after GC invocations=4555 (full 179):
 PSYoungGen      total 76800K, used 5118K [0x000000076d700000, 0x0000000773500000, 0x00000007c0000000)
  eden space 71680K, 0% used [0x000000076d700000,0x000000076d700000,0x0000000771d00000)
  from space 5120K, 99% used [0x0000000772f80000,0x000000077347f950,0x0000000773480000)
  to   space 12288K, 0% used [0x0000000771d00000,0x0000000771d00000,0x0000000772900000)
 ParOldGen       total 162816K, used 89417K [0x00000006c8400000, 0x00000006d2300000, 0x000000076d700000)
  object space 162816K, 54% used [0x00000006c8400000,0x00000006cdb52490,0x00000006d2300000)
 Metaspace       used 10396K, capacity 10628K, committed 10880K, reserved 1058816K
  class space    used 993K, capacity 1066K, committed 1152K, reserved 1048576K
}
Event: 6752.202 GC heap before
{Heap before GC invocations=4556 (full 179):
 PSYoungGen      total 76800K, used 76792K [0x000000076d700000, 0x0000000773500000, 0x00000007c0000000)
  eden space 71680K, 99% used [0x000000076d700000,0x0000000771cfea80,0x0000000771d00000)
  from space 5120K, 99% used [0x0000000772f80000,0x000000077347f950,0x0000000773480000)
  to   space 12288K, 0% used [0x0000000771d00000,0x0000000771d00000,0x0000000772900000)
 ParOldGen       total 162816K, used 89417K [0x00000006c8400000, 0x00000006d2300000, 0x000000076d700000)
  object space 162816K, 54% used [0x00000006c8400000,0x00000006cdb52490,0x00000006d2300000)
 Metaspace       used 10396K, capacity 10628K, committed 10880K, reserved 1058816K
  class space    used 993K, capacity 1066K, committed 1152K, reserved 1048576K
Event: 6752.213 GC heap after
Heap after GC invocations=4556 (full 179):
 PSYoungGen      total 80384K, used 9893K [0x000000076d700000, 0x0000000773380000, 0x00000007c0000000)
  eden space 70144K, 0% used [0x000000076d700000,0x000000076d700000,0x0000000771b80000)
  from space 10240K, 96% used [0x0000000771d00000,0x00000007726a94f8,0x0000000772700000)
  to   space 12288K, 0% used [0x0000000772780000,0x0000000772780000,0x0000000773380000)
 ParOldGen       total 162816K, used 92039K [0x00000006c8400000, 0x00000006d2300000, 0x000000076d700000)
  object space 162816K, 56% used [0x00000006c8400000,0x00000006cdde1ef0,0x00000006d2300000)
 Metaspace       used 10396K, capacity 10628K, committed 10880K, reserved 1058816K
  class space    used 993K, capacity 1066K, committed 1152K, reserved 1048576K
}
Event: 6753.879 GC heap before
{Heap before GC invocations=4557 (full 179):
 PSYoungGen      total 80384K, used 80037K [0x000000076d700000, 0x0000000773380000, 0x00000007c0000000)
  eden space 70144K, 100% used [0x000000076d700000,0x0000000771b80000,0x0000000771b80000)
  from space 10240K, 96% used [0x0000000771d00000,0x00000007726a94f8,0x0000000772700000)
  to   space 12288K, 0% used [0x0000000772780000,0x0000000772780000,0x0000000773380000)
 ParOldGen       total 162816K, used 92039K [0x00000006c8400000, 0x00000006d2300000, 0x000000076d700000)
  object space 162816K, 56% used [0x00000006c8400000,0x00000006cdde1ef0,0x00000006d2300000)
 Metaspace       used 10396K, capacity 10628K, committed 10880K, reserved 1058816K
  class space    used 993K, capacity 1066K, committed 1152K, reserved 1048576K
Event: 6753.889 GC heap after
Heap after GC invocations=4557 (full 179):
 PSYoungGen      total 80384K, used 10571K [0x000000076d700000, 0x0000000773300000, 0x00000007c0000000)
  eden space 68608K, 0% used [0x000000076d700000,0x000000076d700000,0x0000000771a00000)
  from space 11776K, 89% used [0x0000000772780000,0x00000007731d2ee0,0x0000000773300000)
  to   space 12800K, 0% used [0x0000000771a00000,0x0000000771a00000,0x0000000772680000)
 ParOldGen       total 162816K, used 97037K [0x00000006c8400000, 0x00000006d2300000, 0x000000076d700000)
  object space 162816K, 59% used [0x00000006c8400000,0x00000006ce2c34d8,0x00000006d2300000)
 Metaspace       used 10396K, capacity 10628K, committed 10880K, reserved 1058816K
  class space    used 993K, capacity 1066K, committed 1152K, reserved 1048576K
}
Event: 6755.565 GC heap before
{Heap before GC invocations=4558 (full 179):
 PSYoungGen      total 80384K, used 79179K [0x000000076d700000, 0x0000000773300000, 0x00000007c0000000)
  eden space 68608K, 100% used [0x000000076d700000,0x0000000771a00000,0x0000000771a00000)
  from space 11776K, 89% used [0x0000000772780000,0x00000007731d2ee0,0x0000000773300000)
  to   space 12800K, 0% used [0x0000000771a00000,0x0000000771a00000,0x0000000772680000)
 ParOldGen       total 162816K, used 97037K [0x00000006c8400000, 0x00000006d2300000, 0x000000076d700000)
  object space 162816K, 59% used [0x00000006c8400000,0x00000006ce2c34d8,0x00000006d2300000)
 Metaspace       used 10396K, capacity 10628K, committed 10880K, reserved 1058816K
  class space    used 993K, capacity 1066K, committed 1152K, reserved 1048576K
Event: 6755.577 GC heap after
Heap after GC invocations=4558 (full 179):
 PSYoungGen      total 77312K, used 10210K [0x000000076d700000, 0x0000000773180000, 0x00000007c0000000)
  eden space 67072K, 0% used [0x000000076d700000,0x000000076d700000,0x0000000771880000)
  from space 10240K, 99% used [0x0000000771a00000,0x00000007723f8a70,0x0000000772400000)
  to   space 12800K, 0% used [0x0000000772500000,0x0000000772500000,0x0000000773180000)
 ParOldGen       total 162816K, used 102705K [0x00000006c8400000, 0x00000006d2300000, 0x000000076d700000)
  object space 162816K, 63% used [0x00000006c8400000,0x00000006ce84c5b0,0x00000006d2300000)
 Metaspace       used 10396K, capacity 10628K, committed 10880K, reserved 1058816K
  class space    used 993K, capacity 1066K, committed 1152K, reserved 1048576K
}
Event: 6756.851 GC heap before
{Heap before GC invocations=4559 (full 179):
 PSYoungGen      total 77312K, used 77271K [0x000000076d700000, 0x0000000773180000, 0x00000007c0000000)
  eden space 67072K, 99% used [0x000000076d700000,0x000000077187d370,0x0000000771880000)
  from space 10240K, 99% used [0x0000000771a00000,0x00000007723f8a70,0x0000000772400000)
  to   space 12800K, 0% used [0x0000000772500000,0x0000000772500000,0x0000000773180000)
 ParOldGen       total 162816K, used 102705K [0x00000006c8400000, 0x00000006d2300000, 0x000000076d700000)
  object space 162816K, 63% used [0x00000006c8400000,0x00000006ce84c5b0,0x00000006d2300000)
 Metaspace       used 10396K, capacity 10628K, committed 10880K, reserved 1058816K
  class space    used 993K, capacity 1066K, committed 1152K, reserved 1048576K
Event: 6756.859 GC heap after
Heap after GC invocations=4559 (full 179):
 PSYoungGen      total 76800K, used 6464K [0x000000076d700000, 0x0000000773000000, 0x00000007c0000000)
  eden space 65536K, 0% used [0x000000076d700000,0x000000076d700000,0x0000000771700000)
  from space 11264K, 57% used [0x0000000772500000,0x0000000772b502e8,0x0000000773000000)
  to   space 12800K, 0% used [0x0000000771700000,0x0000000771700000,0x0000000772380000)
 ParOldGen       total 162816K, used 107199K [0x00000006c8400000, 0x00000006d2300000, 0x000000076d700000)
  object space 162816K, 65% used [0x00000006c8400000,0x00000006cecafd20,0x00000006d2300000)
 Metaspace       used 10396K, capacity 10628K, committed 10880K, reserved 1058816K
  class space    used 993K, capacity 1066K, committed 1152K, reserved 1048576K
}

Deoptimization events (10 events):
Event: 6757.408 Thread 0x000000001f3bf000 Uncommon trap: reason=unhandled action=none pc=0x0000000002b26094 method=org.json.JSONObject.get(Ljava/lang/String;)Ljava/lang/Object; @ 58
Event: 6757.408 Thread 0x000000001f3bf000 Uncommon trap: reason=unhandled action=none pc=0x0000000002b26094 method=org.json.JSONObject.get(Ljava/lang/String;)Ljava/lang/Object; @ 58
Event: 6757.408 Thread 0x000000001f3bf000 Uncommon trap: reason=unhandled action=none pc=0x0000000002b26094 method=org.json.JSONObject.get(Ljava/lang/String;)Ljava/lang/Object; @ 58
Event: 6757.408 Thread 0x000000001f3bf000 Uncommon trap: reason=unhandled action=none pc=0x0000000002b26094 method=org.json.JSONObject.get(Ljava/lang/String;)Ljava/lang/Object; @ 58
Event: 6757.408 Thread 0x000000001f3bf000 Uncommon trap: reason=unhandled action=none pc=0x0000000002b26094 method=org.json.JSONObject.get(Ljava/lang/String;)Ljava/lang/Object; @ 58
Event: 6757.408 Thread 0x000000001f3bf000 Uncommon trap: reason=unhandled action=none pc=0x0000000002b26094 method=org.json.JSONObject.get(Ljava/lang/String;)Ljava/lang/Object; @ 58
Event: 6757.408 Thread 0x000000001f3bf000 Uncommon trap: reason=unhandled action=none pc=0x0000000002b26094 method=org.json.JSONObject.get(Ljava/lang/String;)Ljava/lang/Object; @ 58
Event: 6757.408 Thread 0x000000001f3bf000 Uncommon trap: reason=unhandled action=none pc=0x0000000002b26094 method=org.json.JSONObject.get(Ljava/lang/String;)Ljava/lang/Object; @ 58
Event: 6757.408 Thread 0x000000001f3bf000 Uncommon trap: reason=unhandled action=none pc=0x0000000002b26094 method=org.json.JSONObject.get(Ljava/lang/String;)Ljava/lang/Object; @ 58
Event: 6757.412 Thread 0x000000001e5e6000 Uncommon trap: reason=unhandled action=none pc=0x0000000002a2b78c method=java.net.URI$Parser.fail(Ljava/lang/String;I)V @ 13

Internal exceptions (10 events):
Event: 6755.857 Thread 0x000000001e57f000 Exception <a 'java/lang/ClassCastException': org.json.JSONObject$Null cannot be cast to org.json.JSONObject> (0x000000076fa59c10) thrown at [D:\re\workspace\8-2-build-windows-amd64-cygwin\jdk8u5\2488\hotspot\src\share\vm\interpreter\interpreterRuntime.cpp,Lô%·c∫@
Event: 6755.879 Thread 0x000000001e581800 Exception <a 'java/lang/ClassCastException': org.json.JSONObject$Null cannot be cast to org.json.JSONObject> (0x000000076fddab60) thrown at [D:\re\workspace\8-2-build-windows-amd64-cygwin\jdk8u5\2488\hotspot\src\share\vm\interpreter\interpreterRuntime.cpp,rày–‚c∫@
Event: 6755.886 Thread 0x000000001f57e000 Exception <a 'java/lang/ClassCastException': org.json.JSONObject$Null cannot be cast to org.json.JSONObject> (0x000000076ff932d0) thrown at [D:\re\workspace\8-2-build-windows-amd64-cygwin\jdk8u5\2488\hotspot\src\share\vm\interpreter\interpreterRuntime.cpp,4Uq„c∫@
Event: 6755.887 Thread 0x000000001f3a6000 Exception <a 'java/lang/ClassCastException': org.json.JSONObject$Null cannot be cast to org.json.JSONObject> (0x000000076ffb1588) thrown at [D:\re\workspace\8-2-build-windows-amd64-cygwin\jdk8u5\2488\hotspot\src\share\vm\interpreter\interpreterRuntime.cpp,3ê €¸c∫@
Event: 6755.988 Thread 0x000000001d48c000 Exception <a 'java/lang/ClassCastException': org.json.JSONObject$Null cannot be cast to org.json.JSONObject> (0x00000007708ccb98) thrown at [D:\re\workspace\8-2-build-windows-amd64-cygwin\jdk8u5\2488\hotspot\src\share\vm\interpreter\interpreterRuntime.cpp,;q&è]d∫@
Event: 6756.365 Thread 0x000000001f3fb800 Exception <a 'java/lang/ClassCastException': org.json.JSONObject$Null cannot be cast to org.json.JSONObject> (0x00000007711bfe60) thrown at [D:\re\workspace\8-2-build-windows-amd64-cygwin\jdk8u5\2488\hotspot\src\share\vm\interpreter\interpreterRuntime.cpp,’-∫ágd∫@
Event: 6756.404 Thread 0x000000001e585800 Exception <a 'java/lang/ClassCastException': org.json.JSONObject$Null cannot be cast to org.json.JSONObject> (0x0000000771244be8) thrown at [D:\re\workspace\8-2-build-windows-amd64-cygwin\jdk8u5\2488\hotspot\src\share\vm\interpreter\interpreterRuntime.cpp,1õ∆iŸd∫@
Event: 6756.849 Thread 0x000000001f568000 Exception <a 'java/lang/ClassCastException': org.json.JSONObject$Null cannot be cast to org.json.JSONObject> (0x00000007718448a0) thrown at [D:\re\workspace\8-2-build-windows-amd64-cygwin\jdk8u5\2488\hotspot\src\share\vm\interpreter\interpreterRuntime.cpp,
Event: 6757.017 Thread 0x000000001e580000 Exception <a 'java/lang/ClassCastException': org.json.JSONObject$Null cannot be cast to org.json.JSONObject> (0x000000076d977b28) thrown at [D:\re\workspace\8-2-build-windows-amd64-cygwin\jdk8u5\2488\hotspot\src\share\vm\interpreter\interpreterRuntime.cpp,[œT7he∫@
Event: 6757.407 Thread 0x000000001f57f000 Exception <a 'java/lang/ClassCastException': org.json.JSONObject$Null cannot be cast to org.json.JSONObject> (0x000000076f397198) thrown at [D:\re\workspace\8-2-build-windows-amd64-cygwin\jdk8u5\2488\hotspot\src\share\vm\interpreter\interpreterRuntime.cpp,åú,T€c∫@

Events (10 events):
Event: 6757.408 Thread 0x000000001f3bf000 DEOPT PACKING pc=0x0000000002b26094 sp=0x000000002367f1d0
Event: 6757.408 Thread 0x000000001f3bf000 DEOPT UNPACKING pc=0x00000000027473ef sp=0x000000002367f1e0 mode 2
Event: 6757.408 Thread 0x000000001f3bf000 Uncommon trap: trap_request=0xffffffa7 fr.pc=0x0000000002b26094
Event: 6757.408 Thread 0x000000001f3bf000 DEOPT PACKING pc=0x0000000002b26094 sp=0x000000002367f190
Event: 6757.408 Thread 0x000000001f3bf000 DEOPT UNPACKING pc=0x00000000027473ef sp=0x000000002367f190 mode 2
Event: 6757.408 Thread 0x000000001f3bf000 DEOPT PACKING pc=0x0000000002d0475c sp=0x000000002367f230
Event: 6757.408 Thread 0x000000001f3bf000 DEOPT UNPACKING pc=0x0000000002747204 sp=0x000000002367ef50 mode 1
Event: 6757.412 Thread 0x000000001e5e6000 Uncommon trap: trap_request=0xffffffa7 fr.pc=0x0000000002a2b78c
Event: 6757.412 Thread 0x000000001e5e6000 DEOPT PACKING pc=0x0000000002a2b78c sp=0x0000000026f6efc0
Event: 6757.412 Thread 0x000000001e5e6000 DEOPT UNPACKING pc=0x00000000027473ef sp=0x0000000026f6eee0 mode 2


Dynamic libraries:
0x000000013fc70000 - 0x000000013fca4000 	C:\Program Files\Java\jdk1.8.0_05\bin\java.exe
0x0000000076fd0000 - 0x0000000077179000 	C:\Windows\SYSTEM32\ntdll.dll
0x0000000076eb0000 - 0x0000000076fcf000 	C:\Windows\system32\kernel32.dll
0x000007fefd170000 - 0x000007fefd1db000 	C:\Windows\system32\KERNELBASE.dll
0x000007fefee50000 - 0x000007fefef2b000 	C:\Windows\system32\ADVAPI32.dll
0x000007fefdfa0000 - 0x000007fefe03f000 	C:\Windows\system32\msvcrt.dll
0x000007fefd2b0000 - 0x000007fefd2cf000 	C:\Windows\SYSTEM32\sechost.dll
0x000007fefd730000 - 0x000007fefd85d000 	C:\Windows\system32\RPCRT4.dll
0x0000000076db0000 - 0x0000000076eaa000 	C:\Windows\system32\USER32.dll
0x000007fefd2d0000 - 0x000007fefd337000 	C:\Windows\system32\GDI32.dll
0x000007fefd410000 - 0x000007fefd41e000 	C:\Windows\system32\LPK.dll
0x000007fefd1e0000 - 0x000007fefd2a9000 	C:\Windows\system32\USP10.dll
0x000007fefb770000 - 0x000007fefb964000 	C:\Windows\WinSxS\amd64_microsoft.windows.common-controls_6595b64144ccf1df_6.0.7601.17514_none_fa396087175ac9ac\COMCTL32.dll
0x000007fefd420000 - 0x000007fefd491000 	C:\Windows\system32\SHLWAPI.dll
0x000007fefd340000 - 0x000007fefd36e000 	C:\Windows\system32\IMM32.DLL
0x000007feff1d0000 - 0x000007feff2d9000 	C:\Windows\system32\MSCTF.dll
0x00000000532e0000 - 0x00000000533b2000 	C:\Program Files\Java\jdk1.8.0_05\jre\bin\msvcr100.dll
0x0000000051c00000 - 0x000000005242a000 	C:\Program Files\Java\jdk1.8.0_05\jre\bin\server\jvm.dll
0x000007feee080000 - 0x000007feee089000 	C:\Windows\system32\WSOCK32.dll
0x000007fefdae0000 - 0x000007fefdb2d000 	C:\Windows\system32\WS2_32.dll
0x000007fefef30000 - 0x000007fefef38000 	C:\Windows\system32\NSI.dll
0x000007fefa5c0000 - 0x000007fefa5fb000 	C:\Windows\system32\WINMM.dll
0x00000000771a0000 - 0x00000000771a7000 	C:\Windows\system32\PSAPI.DLL
0x0000000053630000 - 0x000000005363f000 	C:\Program Files\Java\jdk1.8.0_05\jre\bin\verify.dll
0x0000000053600000 - 0x0000000053628000 	C:\Program Files\Java\jdk1.8.0_05\jre\bin\java.dll
0x000000006eb70000 - 0x000000006eba5000 	C:\Program Files\Java\jdk1.8.0_05\jre\bin\jdwp.dll
0x000000006f210000 - 0x000000006f218000 	C:\Program Files\Java\jdk1.8.0_05\jre\bin\npt.dll
0x00000000535e0000 - 0x00000000535f6000 	C:\Program Files\Java\jdk1.8.0_05\jre\bin\zip.dll
0x000007fefe040000 - 0x000007fefedc8000 	C:\Windows\system32\SHELL32.dll
0x000007fefdd90000 - 0x000007fefdf93000 	C:\Windows\system32\ole32.dll
0x000007fefcdb0000 - 0x000007fefcdbf000 	C:\Windows\system32\profapi.dll
0x000000006f310000 - 0x000000006f31b000 	C:\Program Files\Java\jdk1.8.0_05\jre\bin\dt_shmem.dll
0x0000000052c30000 - 0x0000000052c54000 	C:\Program Files\Java\jdk1.8.0_05\jre\bin\sunec.dll
0x000007fefc640000 - 0x000007fefc657000 	C:\Windows\system32\CRYPTSP.dll
0x000007fefc340000 - 0x000007fefc387000 	C:\Windows\system32\rsaenh.dll
0x000007fefc100000 - 0x000007fefc11e000 	C:\Windows\system32\USERENV.dll
0x000007fefcca0000 - 0x000007fefccaf000 	C:\Windows\system32\CRYPTBASE.dll
0x00000000535c0000 - 0x00000000535da000 	C:\Program Files\Java\jdk1.8.0_05\jre\bin\net.dll
0x000007fefc5e0000 - 0x000007fefc635000 	C:\Windows\system32\mswsock.dll
0x000007fefc5d0000 - 0x000007fefc5d7000 	C:\Windows\System32\wship6.dll
0x000007fefa0d0000 - 0x000007fefa0f7000 	C:\Windows\system32\IPHLPAPI.DLL
0x000007fefa0c0000 - 0x000007fefa0cb000 	C:\Windows\system32\WINNSI.DLL
0x000007fef98d0000 - 0x000007fef98e1000 	C:\Windows\system32\dhcpcsvc6.DLL
0x000007fef9ee0000 - 0x000007fef9ef8000 	C:\Windows\system32\dhcpcsvc.DLL
0x00000000535a0000 - 0x00000000535b1000 	C:\Program Files\Java\jdk1.8.0_05\jre\bin\nio.dll
0x000007fefa8b0000 - 0x000007fefa8c5000 	C:\Windows\system32\NLAapi.dll
0x000007feeeaa0000 - 0x000007feeeab5000 	C:\Windows\system32\napinsp.dll
0x000007feeea80000 - 0x000007feeea99000 	C:\Windows\system32\pnrpnsp.dll
0x000007fefc460000 - 0x000007fefc4bb000 	C:\Windows\system32\DNSAPI.dll
0x000007feedf40000 - 0x000007feedf4b000 	C:\Windows\System32\winrnr.dll
0x000000006e350000 - 0x000000006e376000 	C:\Program Files\Bonjour\mdnsNSP.dll
0x000007fefbfe0000 - 0x000007fefbfe7000 	C:\Windows\System32\wshtcpip.dll
0x000007fef9790000 - 0x000007fef9798000 	C:\Windows\system32\rasadhlp.dll
0x000007fef9870000 - 0x000007fef98c3000 	C:\Windows\System32\fwpuclnt.dll
0x000007feeebb0000 - 0x000007feeecd5000 	C:\Windows\system32\dbghelp.dll

VM Arguments:
jvm_args: -Xdebug -Xrunjdwp:transport=dt_shmem,address=javadebug -Dfile.encoding=UTF-8 
java_command: webcrawler.WebCrawler
java_class_path (initial): C:\Users\TFSUser\Dropbox\Yourmom\NetBeansProjects\JSON-java\build\classes;C:\Users\TFSUser\Dropbox\Yourmom\NetBeansProjects\WebCrawler\build\classes
Launcher Type: SUN_STANDARD

Environment Variables:
CLASSPATH=.;C:\Program Files (x86)\Java\jre7\lib\ext\QTJava.zip
PATH=C:\Users\Valeriii\AMD APP SDK\2.9\bin\x86_64;C:\Users\Valeriii\AMD APP SDK\2.9\bin\x86;C:\Program Files (x86)\AMD APP SDK\2.9\bin\x86_64;C:\Program Files (x86)\AMD APP SDK\2.9\bin\x86;C:\Python33\Scripts;C:\Python33\lib\site-packages\django\bin;C:\Python33\;C:\Program Files\ImageMagick-6.8.6-Q16;C:\Program Files (x86)\ImageMagick-6.8.6-Q16;C:\Ruby200-x64\bin;C:\Program Files (x86)\AMD APP\bin\x86_64;C:\Program Files (x86)\AMD APP\bin\x86;C:\Windows\system32;C:\Windows;C:\Windows\System32\Wbem;C:\Windows\System32\WindowsPowerShell\v1.0\;C:\Program Files (x86)\ATI Technologies\ATI.ACE\Core-Static;C:\Program Files (x86)\Microsoft ASP.NET\ASP.NET Web Pages\v1.0\;C:\Program Files (x86)\Windows Kits\8.0\Windows Performance Toolkit\;C:\Program Files\Microsoft SQL Server\110\DTS\Binn\;C:\Program Files (x86)\Microsoft SQL Server\110\Tools\Binn\;C:\Program Files\Microsoft SQL Server\110\Tools\Binn\;C:\Program Files (x86)\Microsoft SQL Server\110\Tools\Binn\ManagementStudio\;C:\Program Files (x86)\Microsoft Visual Studio 10.0\Common7\IDE\PrivateAssemblies\;C:\Program Files (x86)\Microsoft SQL Server\110\DTS\Binn\;C:\Program Files (x86)\Common Files\Acronis\SnapAPI\;C:\web\php;c:\web\php\ext\;C:\Program Files\TortoiseSVN\bin;C:\Program Files (x86)\QuickTime\QTSystem\;C:\Program Files\OpenVPN\bin;C:\Program Files\Microsoft\Web Platform Installer\
USERNAME=TFSUser
OS=Windows_NT
PROCESSOR_IDENTIFIER=AMD64 Family 18 Model 1 Stepping 0, AuthenticAMD



---------------  S Y S T E M  ---------------

OS: Windows 7 , 64 bit Build 7601 Service Pack 1

CPU:total 4 (4 cores per cpu, 1 threads per core) family 18 model 1 stepping 0, cmov, cx8, fxsr, mmx, sse, sse2, sse3, popcnt, mmxext, 3dnowpref, lzcnt, sse4a, tsc, tscinvbit

Memory: 4k page, physical 16228616k(7025704k free), swap 32455388k(21174244k free)

vm_info: Java HotSpot(TM) 64-Bit Server VM (25.5-b02) for windows-amd64 JRE (1.8.0_05-b13), built on Mar 18 2014 01:08:39 by "java_re" with MS VC++ 10.0 (VS2010)

time: Thu Jan 15 16:59:06 2015
elapsed time: 6757 seconds

